  Boss.cpp
  CharaCommon.cpp
  Chara_Nikuman.cpp
  Chara_Noppo.cpp
  Chara_Yoshi.cpp
  Control.cpp
  GameManage.cpp
  Revenant.cpp
  SceneManage.cpp
  Window.cpp
  DirectFont.cpp
  DirectGraphics.cpp
  DirectInput.cpp
  DirectSound.cpp
e:\works\development\home\project\vocationalschool\muremon\muremon_ver.0.1\library\directsound.cpp(56): warning C4996: 'fopen': This function or variable may be unsafe. Consider using fopen_s instead. To disable deprecation, use _CRT_SECURE_NO_WARNINGS. See online help for details.
  c:\program files (x86)\windows kits\10\include\10.0.17763.0\ucrt\stdio.h(208): note: 'fopen' の宣言を確認してください
e:\works\development\home\project\vocationalschool\muremon\muremon_ver.0.1\library\directsound.cpp(65): warning C4996: 'fscanf': This function or variable may be unsafe. Consider using fscanf_s instead. To disable deprecation, use _CRT_SECURE_NO_WARNINGS. See online help for details.
  c:\program files (x86)\windows kits\10\include\10.0.17763.0\ucrt\stdio.h(1197): note: 'fscanf' の宣言を確認してください
e:\works\development\home\project\vocationalschool\muremon\muremon_ver.0.1\library\directsound.cpp(75): warning C4996: 'fscanf': This function or variable may be unsafe. Consider using fscanf_s instead. To disable deprecation, use _CRT_SECURE_NO_WARNINGS. See online help for details.
  c:\program files (x86)\windows kits\10\include\10.0.17763.0\ucrt\stdio.h(1197): note: 'fscanf' の宣言を確認してください
  Texture.cpp
  Vertex.cpp
e:\works\development\home\project\vocationalschool\muremon\muremon_ver.0.1\library\vertex.cpp(492): warning C4474: 'fscanf_s': 書式文字列に渡された引数の数が多すぎます
  e:\works\development\home\project\vocationalschool\muremon\muremon_ver.0.1\library\vertex.cpp(492): note: プレースホルダーとそのパラメーターには 1 の可変個引数が必要ですが、2 が指定されています。
e:\works\development\home\project\vocationalschool\muremon\muremon_ver.0.1\library\vertex.cpp(493): warning C4474: 'fscanf_s': 書式文字列に渡された引数の数が多すぎます
  e:\works\development\home\project\vocationalschool\muremon\muremon_ver.0.1\library\vertex.cpp(493): note: プレースホルダーとそのパラメーターには 1 の可変個引数が必要ですが、2 が指定されています。
e:\works\development\home\project\vocationalschool\muremon\muremon_ver.0.1\library\vertex.cpp(494): warning C4474: 'fscanf_s': 書式文字列に渡された引数の数が多すぎます
  e:\works\development\home\project\vocationalschool\muremon\muremon_ver.0.1\library\vertex.cpp(494): note: プレースホルダーとそのパラメーターには 1 の可変個引数が必要ですが、2 が指定されています。
e:\works\development\home\project\vocationalschool\muremon\muremon_ver.0.1\library\vertex.cpp(495): warning C4474: 'fscanf_s': 書式文字列に渡された引数の数が多すぎます
  e:\works\development\home\project\vocationalschool\muremon\muremon_ver.0.1\library\vertex.cpp(495): note: プレースホルダーとそのパラメーターには 1 の可変個引数が必要ですが、2 が指定されています。
  OrbitCalculation.cpp
  OrbitParadora.cpp
  OrbitRebound.cpp
e:\works\development\home\project\vocationalschool\muremon\muremon_ver.0.1\orbit\orbitrebound.cpp(18): warning C4244: '=': 'double' から 'float' への変換です。データが失われる可能性があります。
e:\works\development\home\project\vocationalschool\muremon\muremon_ver.0.1\orbit\orbitrebound.cpp(19): warning C4244: '=': 'double' から 'float' への変換です。データが失われる可能性があります。
  OrbitWave.cpp
e:\works\development\home\project\vocationalschool\muremon\muremon_ver.0.1\orbit\orbitwave.cpp(32): warning C4244: '=': 'double' から 'float' への変換です。データが失われる可能性があります。
  コンパイル中...
  GameNormal.cpp
  GameRefresh.cpp
  Logo.cpp
  Mission.cpp
  Ranking.cpp
e:\works\development\home\project\vocationalschool\muremon\muremon_ver.0.1\scene\ranking.cpp(281): warning C4477: 'fscanf' : 書式文字列 '%d' には、型 'int *' の引数が必要ですが、可変個引数 1 は型 'char *' です
  e:\works\development\home\project\vocationalschool\muremon\muremon_ver.0.1\scene\ranking.cpp(281): note: 書式文字列に '%hhd' を使用することをお勧めします
e:\works\development\home\project\vocationalschool\muremon\muremon_ver.0.1\scene\ranking.cpp(281): warning C4477: 'fscanf' : 書式文字列 '%d' には、型 'int *' の引数が必要ですが、可変個引数 2 は型 'char *' です
  e:\works\development\home\project\vocationalschool\muremon\muremon_ver.0.1\scene\ranking.cpp(281): note: 書式文字列に '%hhd' を使用することをお勧めします
e:\works\development\home\project\vocationalschool\muremon\muremon_ver.0.1\scene\ranking.cpp(281): warning C4477: 'fscanf' : 書式文字列 '%d' には、型 'int *' の引数が必要ですが、可変個引数 3 は型 'char *' です
  e:\works\development\home\project\vocationalschool\muremon\muremon_ver.0.1\scene\ranking.cpp(281): note: 書式文字列に '%hhd' を使用することをお勧めします
  Title.cpp
  Tutorial.cpp
  コード生成しています。
  All 252 functions were compiled because no usable IPDB/IOBJ from previous compilation was found.
  コード生成が終了しました。
  Muremon_ver.0.1.vcxproj -> E:\Works\development\home\project\VocationalSchool\Muremon\Release\Muremon_ver.1.0.exe
